<?xml version="1.0" encoding="UTF-8"?>
<testsuite xmlns:xsi="http://www.w3.org/2001/XMLSchema-instance" xsi:noNamespaceSchemaLocation="https://maven.apache.org/surefire/maven-surefire-plugin/xsd/surefire-test-report.xsd" name="cucumber_options.TestRunner" time="13.04" tests="3" errors="0" skipped="0" failures="0">
  <properties>
    <property name="sun.desktop" value="gnome"/>
    <property name="awt.toolkit" value="sun.awt.X11.XToolkit"/>
    <property name="java.specification.version" value="11"/>
    <property name="sun.cpu.isalist" value=""/>
    <property name="sun.jnu.encoding" value="UTF-8"/>
    <property name="java.class.path" value="/home/semira/IdeaProjects/APIFramework/target/test-classes:/home/semira/IdeaProjects/APIFramework/target/classes:/home/semira/.m2/repository/junit/junit/4.11/junit-4.11.jar:/home/semira/.m2/repository/org/hamcrest/hamcrest-core/1.3/hamcrest-core-1.3.jar:/home/semira/.m2/repository/io/cucumber/cucumber-java/7.1.0/cucumber-java-7.1.0.jar:/home/semira/.m2/repository/io/cucumber/cucumber-core/7.1.0/cucumber-core-7.1.0.jar:/home/semira/.m2/repository/io/cucumber/cucumber-gherkin/7.1.0/cucumber-gherkin-7.1.0.jar:/home/semira/.m2/repository/io/cucumber/cucumber-gherkin-messages/7.1.0/cucumber-gherkin-messages-7.1.0.jar:/home/semira/.m2/repository/io/cucumber/messages/17.1.1/messages-17.1.1.jar:/home/semira/.m2/repository/io/cucumber/tag-expressions/4.1.0/tag-expressions-4.1.0.jar:/home/semira/.m2/repository/io/cucumber/cucumber-expressions/13.0.1/cucumber-expressions-13.0.1.jar:/home/semira/.m2/repository/io/cucumber/datatable/7.1.0/datatable-7.1.0.jar:/home/semira/.m2/repository/io/cucumber/cucumber-plugin/7.1.0/cucumber-plugin-7.1.0.jar:/home/semira/.m2/repository/io/cucumber/docstring/7.1.0/docstring-7.1.0.jar:/home/semira/.m2/repository/io/cucumber/html-formatter/17.0.0/html-formatter-17.0.0.jar:/home/semira/.m2/repository/io/cucumber/create-meta/6.0.4/create-meta-6.0.4.jar:/home/semira/.m2/repository/org/apiguardian/apiguardian-api/1.1.2/apiguardian-api-1.1.2.jar:/home/semira/.m2/repository/io/cucumber/cucumber-junit/7.1.0/cucumber-junit-7.1.0.jar:/home/semira/.m2/repository/io/rest-assured/rest-assured/4.4.0/rest-assured-4.4.0.jar:/home/semira/.m2/repository/org/codehaus/groovy/groovy/3.0.8/groovy-3.0.8.jar:/home/semira/.m2/repository/org/codehaus/groovy/groovy-xml/3.0.8/groovy-xml-3.0.8.jar:/home/semira/.m2/repository/org/apache/httpcomponents/httpclient/4.5.13/httpclient-4.5.13.jar:/home/semira/.m2/repository/org/apache/httpcomponents/httpcore/4.4.13/httpcore-4.4.13.jar:/home/semira/.m2/repository/commons-logging/commons-logging/1.2/commons-logging-1.2.jar:/home/semira/.m2/repository/commons-codec/commons-codec/1.11/commons-codec-1.11.jar:/home/semira/.m2/repository/org/apache/httpcomponents/httpmime/4.5.13/httpmime-4.5.13.jar:/home/semira/.m2/repository/org/hamcrest/hamcrest/2.1/hamcrest-2.1.jar:/home/semira/.m2/repository/org/ccil/cowan/tagsoup/tagsoup/1.2.1/tagsoup-1.2.1.jar:/home/semira/.m2/repository/io/rest-assured/json-path/4.4.0/json-path-4.4.0.jar:/home/semira/.m2/repository/org/codehaus/groovy/groovy-json/3.0.8/groovy-json-3.0.8.jar:/home/semira/.m2/repository/io/rest-assured/rest-assured-common/4.4.0/rest-assured-common-4.4.0.jar:/home/semira/.m2/repository/io/rest-assured/xml-path/4.4.0/xml-path-4.4.0.jar:/home/semira/.m2/repository/org/apache/commons/commons-lang3/3.11/commons-lang3-3.11.jar:/home/semira/.m2/repository/jakarta/xml/bind/jakarta.xml.bind-api/2.3.3/jakarta.xml.bind-api-2.3.3.jar:/home/semira/.m2/repository/jakarta/activation/jakarta.activation-api/1.2.2/jakarta.activation-api-1.2.2.jar:/home/semira/.m2/repository/com/sun/xml/bind/jaxb-impl/2.3.3/jaxb-impl-2.3.3.jar:/home/semira/.m2/repository/com/fasterxml/jackson/core/jackson-databind/2.13.1/jackson-databind-2.13.1.jar:/home/semira/.m2/repository/com/fasterxml/jackson/core/jackson-annotations/2.13.1/jackson-annotations-2.13.1.jar:/home/semira/.m2/repository/com/fasterxml/jackson/core/jackson-core/2.13.1/jackson-core-2.13.1.jar:"/>
    <property name="java.vm.vendor" value="Ubuntu"/>
    <property name="sun.arch.data.model" value="64"/>
    <property name="java.vendor.url" value="https://ubuntu.com/"/>
    <property name="user.timezone" value=""/>
    <property name="java.vm.specification.version" value="11"/>
    <property name="os.name" value="Linux"/>
    <property name="sun.java.launcher" value="SUN_STANDARD"/>
    <property name="user.country" value="US"/>
    <property name="sun.boot.library.path" value="/usr/lib/jvm/java-11-openjdk-amd64/lib"/>
    <property name="sun.java.command" value="/home/semira/IdeaProjects/APIFramework/target/surefire/surefirebooter9387296411788285008.jar /home/semira/IdeaProjects/APIFramework/target/surefire 2021-12-29T19-52-23_814-jvmRun1 surefire7434152227869235889tmp surefire_01466488235330823111tmp"/>
    <property name="jdk.debug" value="release"/>
    <property name="surefire.test.class.path" value="/home/semira/IdeaProjects/APIFramework/target/test-classes:/home/semira/IdeaProjects/APIFramework/target/classes:/home/semira/.m2/repository/junit/junit/4.11/junit-4.11.jar:/home/semira/.m2/repository/org/hamcrest/hamcrest-core/1.3/hamcrest-core-1.3.jar:/home/semira/.m2/repository/io/cucumber/cucumber-java/7.1.0/cucumber-java-7.1.0.jar:/home/semira/.m2/repository/io/cucumber/cucumber-core/7.1.0/cucumber-core-7.1.0.jar:/home/semira/.m2/repository/io/cucumber/cucumber-gherkin/7.1.0/cucumber-gherkin-7.1.0.jar:/home/semira/.m2/repository/io/cucumber/cucumber-gherkin-messages/7.1.0/cucumber-gherkin-messages-7.1.0.jar:/home/semira/.m2/repository/io/cucumber/messages/17.1.1/messages-17.1.1.jar:/home/semira/.m2/repository/io/cucumber/tag-expressions/4.1.0/tag-expressions-4.1.0.jar:/home/semira/.m2/repository/io/cucumber/cucumber-expressions/13.0.1/cucumber-expressions-13.0.1.jar:/home/semira/.m2/repository/io/cucumber/datatable/7.1.0/datatable-7.1.0.jar:/home/semira/.m2/repository/io/cucumber/cucumber-plugin/7.1.0/cucumber-plugin-7.1.0.jar:/home/semira/.m2/repository/io/cucumber/docstring/7.1.0/docstring-7.1.0.jar:/home/semira/.m2/repository/io/cucumber/html-formatter/17.0.0/html-formatter-17.0.0.jar:/home/semira/.m2/repository/io/cucumber/create-meta/6.0.4/create-meta-6.0.4.jar:/home/semira/.m2/repository/org/apiguardian/apiguardian-api/1.1.2/apiguardian-api-1.1.2.jar:/home/semira/.m2/repository/io/cucumber/cucumber-junit/7.1.0/cucumber-junit-7.1.0.jar:/home/semira/.m2/repository/io/rest-assured/rest-assured/4.4.0/rest-assured-4.4.0.jar:/home/semira/.m2/repository/org/codehaus/groovy/groovy/3.0.8/groovy-3.0.8.jar:/home/semira/.m2/repository/org/codehaus/groovy/groovy-xml/3.0.8/groovy-xml-3.0.8.jar:/home/semira/.m2/repository/org/apache/httpcomponents/httpclient/4.5.13/httpclient-4.5.13.jar:/home/semira/.m2/repository/org/apache/httpcomponents/httpcore/4.4.13/httpcore-4.4.13.jar:/home/semira/.m2/repository/commons-logging/commons-logging/1.2/commons-logging-1.2.jar:/home/semira/.m2/repository/commons-codec/commons-codec/1.11/commons-codec-1.11.jar:/home/semira/.m2/repository/org/apache/httpcomponents/httpmime/4.5.13/httpmime-4.5.13.jar:/home/semira/.m2/repository/org/hamcrest/hamcrest/2.1/hamcrest-2.1.jar:/home/semira/.m2/repository/org/ccil/cowan/tagsoup/tagsoup/1.2.1/tagsoup-1.2.1.jar:/home/semira/.m2/repository/io/rest-assured/json-path/4.4.0/json-path-4.4.0.jar:/home/semira/.m2/repository/org/codehaus/groovy/groovy-json/3.0.8/groovy-json-3.0.8.jar:/home/semira/.m2/repository/io/rest-assured/rest-assured-common/4.4.0/rest-assured-common-4.4.0.jar:/home/semira/.m2/repository/io/rest-assured/xml-path/4.4.0/xml-path-4.4.0.jar:/home/semira/.m2/repository/org/apache/commons/commons-lang3/3.11/commons-lang3-3.11.jar:/home/semira/.m2/repository/jakarta/xml/bind/jakarta.xml.bind-api/2.3.3/jakarta.xml.bind-api-2.3.3.jar:/home/semira/.m2/repository/jakarta/activation/jakarta.activation-api/1.2.2/jakarta.activation-api-1.2.2.jar:/home/semira/.m2/repository/com/sun/xml/bind/jaxb-impl/2.3.3/jaxb-impl-2.3.3.jar:/home/semira/.m2/repository/com/fasterxml/jackson/core/jackson-databind/2.13.1/jackson-databind-2.13.1.jar:/home/semira/.m2/repository/com/fasterxml/jackson/core/jackson-annotations/2.13.1/jackson-annotations-2.13.1.jar:/home/semira/.m2/repository/com/fasterxml/jackson/core/jackson-core/2.13.1/jackson-core-2.13.1.jar:"/>
    <property name="sun.cpu.endian" value="little"/>
    <property name="user.home" value="/home/semira"/>
    <property name="user.language" value="en"/>
    <property name="java.specification.vendor" value="Oracle Corporation"/>
    <property name="java.version.date" value="2021-10-19"/>
    <property name="java.home" value="/usr/lib/jvm/java-11-openjdk-amd64"/>
    <property name="file.separator" value="/"/>
    <property name="basedir" value="/home/semira/IdeaProjects/APIFramework"/>
    <property name="java.vm.compressedOopsMode" value="Zero based"/>
    <property name="line.separator" value="&#10;"/>
    <property name="java.specification.name" value="Java Platform API Specification"/>
    <property name="java.vm.specification.vendor" value="Oracle Corporation"/>
    <property name="java.awt.graphicsenv" value="sun.awt.X11GraphicsEnvironment"/>
    <property name="surefire.real.class.path" value="/home/semira/IdeaProjects/APIFramework/target/surefire/surefirebooter9387296411788285008.jar"/>
    <property name="sun.management.compiler" value="HotSpot 64-Bit Tiered Compilers"/>
    <property name="java.runtime.version" value="11.0.13+8-Ubuntu-0ubuntu1.20.04"/>
    <property name="user.name" value="semira"/>
    <property name="path.separator" value=":"/>
    <property name="os.version" value="5.11.0-37-generic"/>
    <property name="java.runtime.name" value="OpenJDK Runtime Environment"/>
    <property name="file.encoding" value="UTF-8"/>
    <property name="java.vm.name" value="OpenJDK 64-Bit Server VM"/>
    <property name="localRepository" value="/home/semira/.m2/repository"/>
    <property name="cucumber.options" value="--tags @AddPlace"/>
    <property name="java.vendor.url.bug" value="https://bugs.launchpad.net/ubuntu/+source/openjdk-lts"/>
    <property name="java.io.tmpdir" value="/tmp"/>
    <property name="java.version" value="11.0.13"/>
    <property name="user.dir" value="/home/semira/IdeaProjects/APIFramework"/>
    <property name="os.arch" value="amd64"/>
    <property name="java.vm.specification.name" value="Java Virtual Machine Specification"/>
    <property name="java.awt.printerjob" value="sun.print.PSPrinterJob"/>
    <property name="sun.os.patch.level" value="unknown"/>
    <property name="java.library.path" value="/usr/java/packages/lib:/usr/lib/x86_64-linux-gnu/jni:/lib/x86_64-linux-gnu:/usr/lib/x86_64-linux-gnu:/usr/lib/jni:/lib:/usr/lib"/>
    <property name="java.vm.info" value="mixed mode, sharing"/>
    <property name="java.vendor" value="Ubuntu"/>
    <property name="java.vm.version" value="11.0.13+8-Ubuntu-0ubuntu1.20.04"/>
    <property name="sun.io.unicode.encoding" value="UnicodeLittle"/>
    <property name="java.class.version" value="55.0"/>
  </properties>
  <testcase name="Verify if Place is being successfully added using AddPlaceAPI #1" classname="Validating Place API&apos;s" time="4.9"/>
  <testcase name="Verify if Place is being successfully added using AddPlaceAPI #2" classname="Validating Place API&apos;s" time="4.561"/>
  <testcase name="Verify if Delete PLace functionality is working" classname="Validating Place API&apos;s" time="3.561"/>
</testsuite>